2025-09-14 08:48:55,756 - INFO - Epoch 0/0
2025-09-14 08:48:55,757 - INFO - ----------
2025-09-14 08:48:57,097 - INFO - Batch: 0 / 4
2025-09-14 08:49:28,946 - INFO - Epoch 0/0
2025-09-14 08:49:28,947 - INFO - ----------
2025-09-14 08:49:30,212 - INFO - Batch: 0 / 4
2025-09-14 08:50:04,702 - INFO - train Loss: 0.0467 AUC: 1.0000
2025-09-14 08:50:54,920 - INFO - Epoch 0/0
2025-09-14 08:50:54,921 - INFO - ----------
2025-09-14 08:50:56,190 - INFO - Batch: 0 / 4
2025-09-14 08:51:33,459 - INFO - train Loss: 0.0445 AUC: 1.0000
2025-09-14 08:51:33,995 - INFO - Batch: 0 / 3
2025-09-14 08:52:07,488 - INFO - val Loss: 0.0107 AUC: 1.0000
2025-09-14 08:52:07,489 - INFO - Target FNR: 0.00%
2025-09-14 08:52:07,490 - INFO - Corresponding FPR: 0.00%
2025-09-14 08:52:07,491 - INFO -   Threshold: 0.85
2025-09-14 08:52:07,491 - INFO - Target FNR: 0.00%
2025-09-14 08:52:07,492 - INFO - Corresponding FPR: 0.00%
2025-09-14 08:52:07,492 - INFO -   Threshold: 0.85
2025-09-14 08:52:07,624 - INFO - 
2025-09-14 08:52:07,625 - INFO - Training complete in 1m 13s
2025-09-14 08:52:07,625 - INFO - Best val AUC: 1.0000
